<?xml version="1.0" encoding="utf-8"?>

<struct type="mingle:test/TestStruct1">
    <field name="string1">hello</field>
    <field name="int1">32234</field>
    <field name="decimal1">99.999</field>
    <field name="bool1">true</field>
    <field name="timestamp1">xxxx</field>
    <field name="list1">
        <list>
            <string>string-1</string>
            <string>string-2</string>
            <string>string-3</string>
            <string>string-4</string>
            <string>string-5</string>
        </list>
    </field>
    <field name="sym-map1">
        <symbol-map>
            <field name="int-sym1">1234</field>
            <field name="list-sym1">
                <list>
                    <value>string-1</value>
                    <value>string-2</value>
                </list>
            </field>
        </symbol-map>
    </field>
</struct>
